<?xml version="1.0" encoding="UTF-8"?>
<!-- Generated by org.testng.reporters.JUnitReportReporter -->
<testsuite hostname="Lakshmanan" name="com.ardublock.MainTest" tests="2" failures="0" timestamp="17 Jul 2015 08:23:26 GMT" time="0.004" errors="0">
  <testcase name="testSingleLoop" time="0.001" classname="com.ardublock.MainTest"/>
  <testcase name="testFiles" time="0.003" classname="com.ardublock.MainTest"/>
</testsuite>
